0 info it worked if it ends with ok
1 verbose cli [ '/usr/local/bin/node', '/usr/local/bin/npm', 'start' ]
2 info using npm@3.10.10
3 info using node@v6.10.3
4 verbose run-script [ 'prestart', 'start', 'poststart' ]
5 info lifecycle getting-started-with-react@~prestart: getting-started-with-react@
6 silly lifecycle getting-started-with-react@~prestart: no script for prestart, continuing
7 info lifecycle getting-started-with-react@~start: getting-started-with-react@
8 verbose lifecycle getting-started-with-react@~start: unsafe-perm in lifecycle true
9 verbose lifecycle getting-started-with-react@~start: PATH: /usr/local/lib/node_modules/npm/bin/node-gyp-bin:/Users/Szlangini/Downloads/MeteorImageBoard-master-2/meteor-apollo-graphql-login-merged/node_modules/.bin:/anaconda/bin:/usr/local/bin:/usr/bin:/bin:/usr/sbin:/sbin
10 verbose lifecycle getting-started-with-react@~start: CWD: /Users/Szlangini/Downloads/MeteorImageBoard-master-2/meteor-apollo-graphql-login-merged
11 silly lifecycle getting-started-with-react@~start: Args: [ '-c', 'meteor run' ]
12 silly lifecycle getting-started-with-react@~start: Returned: code: 254  signal: null
13 info lifecycle getting-started-with-react@~start: Failed to exec start script
14 verbose stack Error: getting-started-with-react@ start: `meteor run`
14 verbose stack Exit status 254
14 verbose stack     at EventEmitter.<anonymous> (/usr/local/lib/node_modules/npm/lib/utils/lifecycle.js:255:16)
14 verbose stack     at emitTwo (events.js:106:13)
14 verbose stack     at EventEmitter.emit (events.js:191:7)
14 verbose stack     at ChildProcess.<anonymous> (/usr/local/lib/node_modules/npm/lib/utils/spawn.js:40:14)
14 verbose stack     at emitTwo (events.js:106:13)
14 verbose stack     at ChildProcess.emit (events.js:191:7)
14 verbose stack     at maybeClose (internal/child_process.js:886:16)
14 verbose stack     at Process.ChildProcess._handle.onexit (internal/child_process.js:226:5)
15 verbose pkgid getting-started-with-react@
16 verbose cwd /Users/Szlangini/Downloads/MeteorImageBoard-master-2/meteor-apollo-graphql-login-merged
17 error Darwin 15.6.0
18 error argv "/usr/local/bin/node" "/usr/local/bin/npm" "start"
19 error node v6.10.3
20 error npm  v3.10.10
21 error code ELIFECYCLE
22 error getting-started-with-react@ start: `meteor run`
22 error Exit status 254
23 error Failed at the getting-started-with-react@ start script 'meteor run'.
23 error Make sure you have the latest version of node.js and npm installed.
23 error If you do, this is most likely a problem with the getting-started-with-react package,
23 error not with npm itself.
23 error Tell the author that this fails on your system:
23 error     meteor run
23 error You can get information on how to open an issue for this project with:
23 error     npm bugs getting-started-with-react
23 error Or if that isn't available, you can get their info via:
23 error     npm owner ls getting-started-with-react
23 error There is likely additional logging output above.
24 verbose exit [ 1, true ]
